<?xml version="1.0" encoding="UTF-8"?>
<!-- Generated by org.testng.reporters.JUnitReportReporter -->
<testsuite hostname="Taruns-MBP.lan" failures="0" tests="2" name="com.pb.ctest.helper.RunCucumberTest" time="16.180" errors="0" timestamp="2022-01-24T01:21:23 IST" skipped="0">
  <testcase classname="com.pb.ctest.helper.RunCucumberTest" name="runScenario" time="12.052"/>
  <system-out/>
  <testcase classname="com.pb.ctest.helper.RunCucumberTest" name="runScenario" time="4.128"/>
  <system-out/>
</testsuite> <!-- com.pb.ctest.helper.RunCucumberTest -->
