<?xml version="1.0" encoding="UTF-8"?>
<!-- Generated by org.testng.reporters.JUnitReportReporter -->
<testsuite hostname="Taruns-MBP.lan" failures="0" tests="1" name="com.pb.ctest.helper.RunCucumberTest" time="27.040" errors="0" timestamp="2022-01-12T01:17:19 IST" skipped="0">
  <testcase classname="com.pb.ctest.helper.RunCucumberTest" name="runScenario" time="27.040"/>
  <system-out/>
</testsuite> <!-- com.pb.ctest.helper.RunCucumberTest -->
